<?xml version="1.0" encoding="UTF-8"?>
<testng-results skipped="0" failed="0" ignored="0" total="2" passed="2">
  <reporter-output>
    <line>
      <![CDATA[login successfully]]>
    </line>
    <line>
      <![CDATA[<a target="_blank" href=" C:\Users\dmrin\OneDrive\Pictures\Screenshots\Screenshot%20(67).png">Screenshot</a>]]>
    </line>
    <line>
      <![CDATA[<br>]]>
    </line>
    <line>
      <![CDATA[<a target="_blank" href=" C:\Users\dmrin\OneDrive\Pictures\Screenshots\Screenshot%20(67).png"><img src=" C:\Users\dmrin\OneDrive\Pictures\Screenshots\Screenshot%20(67).png" height=200 width=200< </img> </a>]]>
    </line>
  </reporter-output>
  <suite name="Data Driven Basics" duration-ms="10201" started-at="2020-09-04T19:48:40Z" finished-at="2020-09-04T19:48:50Z">
    <groups>
    </groups>
    <test name="Bank Manager Login Test" duration-ms="464" started-at="2020-09-04T19:48:40Z" finished-at="2020-09-04T19:48:41Z">
      <class name="com.nec.testcases.BankManagerLoginTest">
        <test-method status="PASS" signature="loginAsBankManager()[pri:0, instance:com.nec.testcases.BankManagerLoginTest@1a677343]" name="loginAsBankManager" duration-ms="417" started-at="2020-09-05T01:18:40Z" finished-at="2020-09-05T01:18:41Z">
          <reporter-output>
            <line>
              <![CDATA[login successfully]]>
            </line>
            <line>
              <![CDATA[<a target="_blank" href=" C:\Users\dmrin\OneDrive\Pictures\Screenshots\Screenshot%20(67).png">Screenshot</a>]]>
            </line>
            <line>
              <![CDATA[<br>]]>
            </line>
            <line>
              <![CDATA[<a target="_blank" href=" C:\Users\dmrin\OneDrive\Pictures\Screenshots\Screenshot%20(67).png"><img src=" C:\Users\dmrin\OneDrive\Pictures\Screenshots\Screenshot%20(67).png" height=200 width=200< </img> </a>]]>
            </line>
          </reporter-output>
        </test-method> <!-- loginAsBankManager -->
      </class> <!-- com.nec.testcases.BankManagerLoginTest -->
    </test> <!-- Bank Manager Login Test -->
    <test name="Add Customer Test" duration-ms="9674" started-at="2020-09-04T19:48:41Z" finished-at="2020-09-04T19:48:50Z">
      <class name="com.nec.testcases.AddCustomerTest">
        <test-method status="PASS" signature="setUp()[pri:0, instance:com.nec.testcases.AddCustomerTest@2925bf5b]" name="setUp" is-config="true" duration-ms="16152" started-at="2020-09-05T01:18:24Z" finished-at="2020-09-05T01:18:40Z">
          <reporter-output>
          </reporter-output>
        </test-method> <!-- setUp -->
        <test-method status="PASS" signature="addCustomer(java.lang.String, java.lang.String, java.lang.String, java.lang.String)[pri:0, instance:com.nec.testcases.AddCustomerTest@2925bf5b]" name="addCustomer" duration-ms="9602" started-at="2020-09-05T01:18:41Z" data-provider="getdata" finished-at="2020-09-05T01:18:50Z">
          <params>
            <param index="0">
              <value>
                <![CDATA[Mrinal]]>
              </value>
            </param>
            <param index="1">
              <value>
                <![CDATA[das]]>
              </value>
            </param>
            <param index="2">
              <value>
                <![CDATA[110085.0]]>
              </value>
            </param>
            <param index="3">
              <value>
                <![CDATA[Customer added successfully]]>
              </value>
            </param>
          </params>
          <reporter-output>
          </reporter-output>
        </test-method> <!-- addCustomer -->
        <test-method status="PASS" signature="tearDown()[pri:0, instance:com.nec.testcases.AddCustomerTest@2925bf5b]" name="tearDown" is-config="true" duration-ms="2242" started-at="2020-09-05T01:18:51Z" finished-at="2020-09-05T01:18:53Z">
          <reporter-output>
          </reporter-output>
        </test-method> <!-- tearDown -->
      </class> <!-- com.nec.testcases.AddCustomerTest -->
    </test> <!-- Add Customer Test -->
  </suite> <!-- Data Driven Basics -->
</testng-results>
